<?xml version="1.0" encoding="UTF-8"?>
<testng-results ignored="0" total="2" passed="2" failed="0" skipped="0">
  <reporter-output>
  </reporter-output>
  <suite started-at="2024-10-16T08:20:09 COT" name="Suite" finished-at="2024-10-16T08:20:13 COT" duration-ms="4276">
    <groups>
      <group name="post">
        <method signature="TC3_Post_Jesus.testCase1()[pri:0, instance:org.demo.testScripts.TC3_Post_Jesus@53fe15ff]" name="testCase1" class="org.demo.testScripts.TC3_Post_Jesus"/>
      </group> <!-- post -->
      <group name="get">
        <method signature="TC4_GetAll_Jesus.testCase2()[pri:0, instance:org.demo.testScripts.TC4_GetAll_Jesus@449a4f23]" name="testCase2" class="org.demo.testScripts.TC4_GetAll_Jesus"/>
      </group> <!-- get -->
      <group name="group2">
        <method signature="TC3_Post_Jesus.testCase1()[pri:0, instance:org.demo.testScripts.TC3_Post_Jesus@53fe15ff]" name="testCase1" class="org.demo.testScripts.TC3_Post_Jesus"/>
        <method signature="TC4_GetAll_Jesus.testCase2()[pri:0, instance:org.demo.testScripts.TC4_GetAll_Jesus@449a4f23]" name="testCase2" class="org.demo.testScripts.TC4_GetAll_Jesus"/>
      </group> <!-- group2 -->
    </groups>
    <test started-at="2024-10-16T08:20:09 COT" name="Test" finished-at="2024-10-16T08:20:13 COT" duration-ms="4276">
      <class name="org.demo.testScripts.TC4_GetAll_Jesus">
        <test-method signature="testCase2()[pri:0, instance:org.demo.testScripts.TC4_GetAll_Jesus@449a4f23]" started-at="2024-10-16T08:20:13 COT" name="testCase2" finished-at="2024-10-16T08:20:13 COT" duration-ms="585" status="PASS">
          <reporter-output>
          </reporter-output>
        </test-method> <!-- testCase2 -->
      </class> <!-- org.demo.testScripts.TC4_GetAll_Jesus -->
      <class name="org.demo.testScripts.TC3_Post_Jesus">
        <test-method signature="testCase1()[pri:0, instance:org.demo.testScripts.TC3_Post_Jesus@53fe15ff]" started-at="2024-10-16T08:20:09 COT" name="testCase1" finished-at="2024-10-16T08:20:13 COT" duration-ms="3577" status="PASS">
          <reporter-output>
          </reporter-output>
        </test-method> <!-- testCase1 -->
      </class> <!-- org.demo.testScripts.TC3_Post_Jesus -->
    </test> <!-- Test -->
  </suite> <!-- Suite -->
</testng-results>
