<?xml version="1.0" encoding="UTF-8"?>
<!-- Generated by org.testng.reporters.JUnitXMLReporter -->
<testsuite ignored="6" hostname="WINAA20CC6M3" failures="0" tests="2" name="Test" time="4.276" errors="0" timestamp="2024-10-16T08:20:13 COT">
  <testcase classname="org.demo.testScripts.TC3_Post_Jesus" name="testCase1" time="3.577"/>
  <testcase classname="org.demo.testScripts.TC4_GetAll_Jesus" name="testCase2" time="0.585"/>
  <testcase classname="org.demo.testScripts.TC7_Post_Roberto" name="testCase1" time="0.0">
    <ignored/>
  </testcase> <!-- testCase1 -->
  <testcase classname="org.demo.testScripts.TC8_GetAll_Roberto" name="testCase2" time="0.0">
    <ignored/>
  </testcase> <!-- testCase2 -->
  <testcase classname="org.demo.testScripts.TC1_Post_Sabari" name="testCase1" time="0.0">
    <ignored/>
  </testcase> <!-- testCase1 -->
  <testcase classname="org.demo.testScripts.TC6_GetAll_Elie" name="testCase2" time="0.0">
    <ignored/>
  </testcase> <!-- testCase2 -->
  <testcase classname="org.demo.testScripts.TC5_Post_Elie" name="testCase1" time="0.0">
    <ignored/>
  </testcase> <!-- testCase1 -->
  <testcase classname="org.demo.testScripts.TC2_GetAll_Sabari" name="testCase2" time="0.0">
    <ignored/>
  </testcase> <!-- testCase2 -->
</testsuite> <!-- Test -->
